<?xml version="1.0" encoding="UTF-8"?>
<!-- Generated by org.testng.reporters.JUnitXMLReporter -->
<testsuite hostname="DESKTOP-ANJK2SU" ignored="0" name="Default test" tests="4" failures="0" timestamp="28 Jan 2022 15:45:57 GMT" time="125.506" errors="0">
  <testcase name="tc2" time="24.077" classname="greenExcercise.GreenPractice"/>
  <testcase name="tc2" time="14.843" classname="greenExcercise.GreenPractice"/>
  <testcase name="tc2" time="41.442" classname="greenExcercise.GreenPractice"/>
  <testcase name="tc2" time="44.937" classname="greenExcercise.GreenPractice"/>
</testsuite> <!-- Default test -->
